[2021-07-21T23:44:38.154678+05:00] default_log.DEBUG: test exception [] []
[2021-07-21T23:44:39.795536+05:00] default_log.DEBUG: test exception [] []
[2021-07-21T23:44:58.189608+05:00] default_log.DEBUG: test exception [] []
[2021-07-21T23:47:06.021878+05:00] default_log.DEBUG: test exception [] []
[2021-07-21T23:47:40.092778+05:00] default_log.DEBUG: test exception [] []
[2021-07-22T19:10:35.133704+05:00] default_log.DEBUG: DemoHandlertest exception [] []
[2021-07-22T19:12:09.333557+05:00] default_log.DEBUG: DemoHandlertest exception [] []
[2021-07-22T19:12:10.253612+05:00] default_log.DEBUG: DemoHandlertest exception [] []
[2021-07-22T19:12:10.468446+05:00] default_log.DEBUG: DemoHandlertest exception [] []
[2021-07-22T19:12:10.637034+05:00] default_log.DEBUG: DemoHandlertest exception [] []
[2021-07-22T19:12:27.301919+05:00] default_log.DEBUG: DemoHandlertest exception [] []
[2021-07-22T19:12:27.302318+05:00] default_log.DEBUG: test exception [] []
[2021-07-22T19:12:35.333819+05:00] default_log.DEBUG: DemoHandlertest exception [] []
[2021-07-22T19:12:35.334309+05:00] default_log.DEBUG: test exception [] []
[2021-07-22T19:12:43.951566+05:00] default_log.DEBUG: DemoHandlertest exception [] []
[2021-07-22T19:12:48.494882+05:00] default_log.DEBUG: DemoHandlertest exception [] []
[2021-07-22T19:14:38.159314+05:00] default_log.DEBUG: DemoHandlertest exception [] []
[2021-07-22T19:14:38.159548+05:00] default_log.DEBUG: test exception [] []
[2021-07-22T19:14:44.059024+05:00] default_log.DEBUG: DemoHandlertest exception [] []
[2021-07-22T19:14:44.059455+05:00] default_log.DEBUG: test exception [] []
[2021-07-22T19:14:52.440572+05:00] default_log.DEBUG: DemoHandlertest exception [] []
[2021-07-22T19:14:52.440962+05:00] default_log.DEBUG: test exception [] []
[2021-07-22T19:14:52.441153+05:00] default_log.DEBUG: test exception [] []
[2021-07-22T19:16:15.228432+05:00] default_log.DEBUG: DemoHandlertest exception [] []
[2021-07-22T19:16:15.228676+05:00] default_log.DEBUG: test exception [] []
[2021-07-22T19:16:22.468580+05:00] default_log.DEBUG: DemoHandlertest exception [] []
[2021-07-22T19:16:22.468967+05:00] default_log.DEBUG: test exception [] []
[2021-07-22T19:16:29.259986+05:00] default_log.DEBUG: DemoHandlertest exception [] []
[2021-07-22T19:16:33.225987+05:00] default_log.DEBUG: DemoHandlertest exception [] []
[2021-07-22T19:16:35.402249+05:00] default_log.DEBUG: DemoHandlertest exception [] []
[2021-07-22T19:20:49.440052+05:00] default_log.DEBUG: test exception [] []
[2021-07-22T19:22:39.051860+05:00] default_log.DEBUG: test exception [] []
[2021-07-22T19:22:45.481959+05:00] default_log.DEBUG: test exception [] []
[2021-07-22T19:24:25.581104+05:00] default_log.DEBUG: test exception [] []
[2021-07-24T13:28:49.831469+05:00] default_log.DEBUG: test exception [] []
[2021-07-24T13:29:22.570565+05:00] default_log.DEBUG: test exception [] []
[2021-07-24T14:55:27.654732+05:00] default_log.DEBUG: test [] []
[2021-07-24T15:24:39.947050+05:00] default_log.DEBUG: Route with path "/" not exist [] []
[2021-07-24T15:24:55.012900+05:00] default_log.DEBUG: Route with path "/" not exist [] []
[2021-07-24T15:24:55.272320+05:00] default_log.DEBUG: Route with path "/" not exist [] []
[2021-07-24T15:24:55.447236+05:00] default_log.DEBUG: Route with path "/" not exist [] []
[2021-07-24T15:24:55.622821+05:00] default_log.DEBUG: Route with path "/" not exist [] []
[2021-07-24T15:24:55.800767+05:00] default_log.DEBUG: Route with path "/" not exist [] []
[2021-07-24T15:24:55.957194+05:00] default_log.DEBUG: Route with path "/" not exist [] []
[2021-07-24T15:24:58.125872+05:00] default_log.DEBUG: Route with path "/" not exist [] []
[2021-07-24T15:24:58.337108+05:00] default_log.DEBUG: Route with path "/" not exist [] []
[2021-07-24T15:24:58.545135+05:00] default_log.DEBUG: Route with path "/" not exist [] []
[2021-07-24T15:24:58.718194+05:00] default_log.DEBUG: Route with path "/" not exist [] []
[2021-07-24T15:25:01.093493+05:00] default_log.DEBUG: Route with path "/" not exist [] []
[2021-07-24T15:25:01.309446+05:00] default_log.DEBUG: Route with path "/" not exist [] []
[2021-07-24T15:25:01.468204+05:00] default_log.DEBUG: Route with path "/" not exist [] []
[2021-07-24T15:36:13.680919+05:00] default_log.DEBUG: The request body must be of type null, array or object; passed NULL [] []
[2021-07-24T15:57:33.469801+05:00] default_log.DEBUG: Undefined variable $links [] []
[2021-07-24T16:06:56.079291+05:00] default_log.DEBUG: Undefined variable $links [] []
[2021-07-24T16:06:56.295253+05:00] default_log.DEBUG: Undefined variable $links [] []
[2021-07-24T16:06:56.489354+05:00] default_log.DEBUG: Undefined variable $links [] []
[2021-07-24T16:06:58.037350+05:00] default_log.DEBUG: Undefined variable $links [] []
[2021-07-24T16:06:58.280600+05:00] default_log.DEBUG: Undefined variable $links [] []
